== APP - topico-equipe-2-disciplinaprofessor == Building...
== APP - topico-equipe-2-disciplinaprofessor == /workspaces/ApiDisciplinaTAPR/Services/ProfessorService.cs(24,20): warning CS8603: Possible null reference return. [/workspaces/ApiDisciplinaTAPR/TAPR_Disciplina.csproj]
== APP - topico-equipe-2-disciplinaprofessor == /workspaces/ApiDisciplinaTAPR/Services/ProfessorService.cs(36,20): warning CS8603: Possible null reference return. [/workspaces/ApiDisciplinaTAPR/TAPR_Disciplina.csproj]
== APP - topico-equipe-2-disciplinaprofessor == /workspaces/ApiDisciplinaTAPR/Services/ProfessorService.cs(56,20): warning CS8603: Possible null reference return. [/workspaces/ApiDisciplinaTAPR/TAPR_Disciplina.csproj]
== APP - topico-equipe-2-disciplinaprofessor == /workspaces/ApiDisciplinaTAPR/Services/DisciplinaService.cs(19,20): warning CS8603: Possible null reference return. [/workspaces/ApiDisciplinaTAPR/TAPR_Disciplina.csproj]
== APP - topico-equipe-2-disciplinaprofessor == /workspaces/ApiDisciplinaTAPR/Services/DisciplinaService.cs(25,20): warning CS8603: Possible null reference return. [/workspaces/ApiDisciplinaTAPR/TAPR_Disciplina.csproj]
== APP - topico-equipe-2-disciplinaprofessor == /workspaces/ApiDisciplinaTAPR/Services/DisciplinaService.cs(34,20): warning CS8603: Possible null reference return. [/workspaces/ApiDisciplinaTAPR/TAPR_Disciplina.csproj]
== APP - topico-equipe-2-disciplinaprofessor == /workspaces/ApiDisciplinaTAPR/Services/DisciplinaService.cs(44,20): warning CS8603: Possible null reference return. [/workspaces/ApiDisciplinaTAPR/TAPR_Disciplina.csproj]
== APP - topico-equipe-2-disciplinaprofessor == /workspaces/ApiDisciplinaTAPR/Services/DisciplinaService.cs(69,20): warning CS8603: Possible null reference return. [/workspaces/ApiDisciplinaTAPR/TAPR_Disciplina.csproj]
== APP - topico-equipe-2-disciplinaprofessor == /workspaces/ApiDisciplinaTAPR/Services/CursoService.cs(24,20): warning CS8603: Possible null reference return. [/workspaces/ApiDisciplinaTAPR/TAPR_Disciplina.csproj]
== APP - topico-equipe-2-disciplinaprofessor == /workspaces/ApiDisciplinaTAPR/Services/CursoService.cs(36,20): warning CS8603: Possible null reference return. [/workspaces/ApiDisciplinaTAPR/TAPR_Disciplina.csproj]
== APP - topico-equipe-2-disciplinaprofessor == /workspaces/ApiDisciplinaTAPR/Services/CursoService.cs(55,20): warning CS8603: Possible null reference return. [/workspaces/ApiDisciplinaTAPR/TAPR_Disciplina.csproj]
== APP - topico-equipe-2-disciplinaprofessor == /workspaces/ApiDisciplinaTAPR/Models/RepositoryDbContext.cs(19,34): warning CS8604: Possible null reference argument for parameter 'accountEndpoint' in 'DbContextOptionsBuilder CosmosDbContextOptionsExtensions.UseCosmos(DbContextOptionsBuilder optionsBuilder, string accountEndpoint, TokenCredential tokenCredential, string databaseName, Action<CosmosDbContextOptionsBuilder>? cosmosOptionsAction = null)'. [/workspaces/ApiDisciplinaTAPR/TAPR_Disciplina.csproj]
== APP - topico-equipe-2-disciplinaprofessor == /workspaces/ApiDisciplinaTAPR/Models/RepositoryDbContext.cs(21,31): warning CS8604: Possible null reference argument for parameter 'databaseName' in 'DbContextOptionsBuilder CosmosDbContextOptionsExtensions.UseCosmos(DbContextOptionsBuilder optionsBuilder, string accountEndpoint, TokenCredential tokenCredential, string databaseName, Action<CosmosDbContextOptionsBuilder>? cosmosOptionsAction = null)'. [/workspaces/ApiDisciplinaTAPR/TAPR_Disciplina.csproj]
== APP - topico-equipe-2-disciplinaprofessor == /workspaces/ApiDisciplinaTAPR/Models/Professor.cs(4,23): warning CS8618: Non-nullable property 'nomeDoProfessor' must contain a non-null value when exiting constructor. Consider declaring the property as nullable. [/workspaces/ApiDisciplinaTAPR/TAPR_Disciplina.csproj]
== APP - topico-equipe-2-disciplinaprofessor == /workspaces/ApiDisciplinaTAPR/Models/Disciplina.cs(12,16): warning CS8618: Non-nullable property 'nomeDisciplina' must contain a non-null value when exiting constructor. Consider declaring the property as nullable. [/workspaces/ApiDisciplinaTAPR/TAPR_Disciplina.csproj]
== APP - topico-equipe-2-disciplinaprofessor == /workspaces/ApiDisciplinaTAPR/Models/Disciplina.cs(12,16): warning CS8618: Non-nullable property 'cargaHoraria' must contain a non-null value when exiting constructor. Consider declaring the property as nullable. [/workspaces/ApiDisciplinaTAPR/TAPR_Disciplina.csproj]
== APP - topico-equipe-2-disciplinaprofessor == /workspaces/ApiDisciplinaTAPR/Models/Disciplina.cs(12,16): warning CS8618: Non-nullable property 'diaAula' must contain a non-null value when exiting constructor. Consider declaring the property as nullable. [/workspaces/ApiDisciplinaTAPR/TAPR_Disciplina.csproj]
== APP - topico-equipe-2-disciplinaprofessor == /workspaces/ApiDisciplinaTAPR/Models/Disciplina.cs(12,16): warning CS8618: Non-nullable property 'professor' must contain a non-null value when exiting constructor. Consider declaring the property as nullable. [/workspaces/ApiDisciplinaTAPR/TAPR_Disciplina.csproj]
== APP - topico-equipe-2-disciplinaprofessor == /workspaces/ApiDisciplinaTAPR/Models/Disciplina.cs(12,16): warning CS8618: Non-nullable property 'curso' must contain a non-null value when exiting constructor. Consider declaring the property as nullable. [/workspaces/ApiDisciplinaTAPR/TAPR_Disciplina.csproj]
== APP - topico-equipe-2-disciplinaprofessor == /workspaces/ApiDisciplinaTAPR/Models/Curso.cs(4,23): warning CS8618: Non-nullable property 'nomeCurso' must contain a non-null value when exiting constructor. Consider declaring the property as nullable. [/workspaces/ApiDisciplinaTAPR/TAPR_Disciplina.csproj]
== APP - topico-equipe-2-disciplinaprofessor == /workspaces/ApiDisciplinaTAPR/Models/Curso.cs(5,23): warning CS8618: Non-nullable property 'periodoCurso' must contain a non-null value when exiting constructor. Consider declaring the property as nullable. [/workspaces/ApiDisciplinaTAPR/TAPR_Disciplina.csproj]
== APP - topico-equipe-2-disciplinaprofessor == info: Microsoft.Hosting.Lifetime[14]
== APP - topico-equipe-2-disciplinaprofessor ==       Now listening on: http://localhost:5153
== APP - topico-equipe-2-disciplinaprofessor == info: Microsoft.Hosting.Lifetime[0]
== APP - topico-equipe-2-disciplinaprofessor ==       Application started. Press Ctrl+C to shut down.
== APP - topico-equipe-2-disciplinaprofessor == info: Microsoft.Hosting.Lifetime[0]
== APP - topico-equipe-2-disciplinaprofessor ==       Hosting environment: Development
== APP - topico-equipe-2-disciplinaprofessor == info: Microsoft.Hosting.Lifetime[0]
== APP - topico-equipe-2-disciplinaprofessor ==       Content root path: /workspaces/ApiDisciplinaTAPR
