Starting Dapr with id topico-equipe-2-disciplinaprofessor. HTTP Port: 43877. gRPC Port: 43585
Updating metadata for cliPID: 31443
time="2023-11-28T18:31:45.183207443Z" level=info msg="Starting Dapr Runtime -- version 1.12.2 -- commit f954254ed520409602024ea6d507d0405afa1f07" app_id=topico-equipe-2-disciplinaprofessor instance=codespaces-74daef scope=dapr.runtime type=log ver=1.12.2
time="2023-11-28T18:31:45.183327878Z" level=info msg="Log level set to: info" app_id=topico-equipe-2-disciplinaprofessor instance=codespaces-74daef scope=dapr.runtime type=log ver=1.12.2
time="2023-11-28T18:31:45.183947702Z" level=warning msg="mTLS is disabled. Skipping certificate request and tls validation" app_id=topico-equipe-2-disciplinaprofessor instance=codespaces-74daef scope=dapr.runtime.security type=log ver=1.12.2
time="2023-11-28T18:31:45.185300136Z" level=info msg="metrics server started on :45401/" app_id=topico-equipe-2-disciplinaprofessor instance=codespaces-74daef scope=dapr.runtime type=log ver=1.12.2
time="2023-11-28T18:31:45.185609113Z" level=info msg="standalone mode configured" app_id=topico-equipe-2-disciplinaprofessor instance=codespaces-74daef scope=dapr.runtime type=log ver=1.12.2
time="2023-11-28T18:31:45.185658515Z" level=info msg="app id: topico-equipe-2-disciplinaprofessor" app_id=topico-equipe-2-disciplinaprofessor instance=codespaces-74daef scope=dapr.runtime type=log ver=1.12.2
time="2023-11-28T18:31:45.185734426Z" level=info msg="Dapr trace sampler initialized: DaprTraceSampler(P=1.000000)" app_id=topico-equipe-2-disciplinaprofessor instance=codespaces-74daef scope=dapr.runtime type=log ver=1.12.2
time="2023-11-28T18:31:45.186421027Z" level=info msg="local service entry announced: topico-equipe-2-disciplinaprofessor -> 172.16.5.4:45455" app_id=topico-equipe-2-disciplinaprofessor component="mdns (nameResolution/v1)" instance=codespaces-74daef scope=dapr.contrib type=log ver=1.12.2
time="2023-11-28T18:31:45.187215148Z" level=info msg="Initialized name resolution to mdns" app_id=topico-equipe-2-disciplinaprofessor instance=codespaces-74daef scope=dapr.runtime type=log ver=1.12.2
time="2023-11-28T18:31:45.187503216Z" level=info msg="Loading components…" app_id=topico-equipe-2-disciplinaprofessor instance=codespaces-74daef scope=dapr.runtime type=log ver=1.12.2
time="2023-11-28T18:31:45.188292197Z" level=info msg="Waiting for all outstanding components to be processed…" app_id=topico-equipe-2-disciplinaprofessor instance=codespaces-74daef scope=dapr.runtime type=log ver=1.12.2
time="2023-11-28T18:31:48.189887338Z" level=info msg="Component loaded: servicebus-pubsub (pubsub.azure.servicebus.topics/v1)" app_id=topico-equipe-2-disciplinaprofessor instance=codespaces-74daef scope=dapr.runtime type=log ver=1.12.2
time="2023-11-28T18:31:48.189988246Z" level=info msg="All outstanding components processed" app_id=topico-equipe-2-disciplinaprofessor instance=codespaces-74daef scope=dapr.runtime type=log ver=1.12.2
time="2023-11-28T18:31:48.19001686Z" level=info msg="Loading endpoints…" app_id=topico-equipe-2-disciplinaprofessor instance=codespaces-74daef scope=dapr.runtime type=log ver=1.12.2
time="2023-11-28T18:31:48.190253521Z" level=info msg="Waiting for all outstanding http endpoints to be processed…" app_id=topico-equipe-2-disciplinaprofessor instance=codespaces-74daef scope=dapr.runtime type=log ver=1.12.2
time="2023-11-28T18:31:48.190300399Z" level=info msg="All outstanding http endpoints processed" app_id=topico-equipe-2-disciplinaprofessor instance=codespaces-74daef scope=dapr.runtime type=log ver=1.12.2
time="2023-11-28T18:31:48.190433477Z" level=info msg="gRPC server listening on TCP address: :43585" app_id=topico-equipe-2-disciplinaprofessor instance=codespaces-74daef scope=dapr.runtime.grpc.api type=log ver=1.12.2
time="2023-11-28T18:31:48.190475174Z" level=info msg="Enabled gRPC tracing middleware" app_id=topico-equipe-2-disciplinaprofessor instance=codespaces-74daef scope=dapr.runtime.grpc.api type=log ver=1.12.2
time="2023-11-28T18:31:48.190501854Z" level=info msg="Enabled gRPC metrics middleware" app_id=topico-equipe-2-disciplinaprofessor instance=codespaces-74daef scope=dapr.runtime.grpc.api type=log ver=1.12.2
time="2023-11-28T18:31:48.190602863Z" level=info msg="Registering workflow engine for gRPC endpoint: [::]:43585" app_id=topico-equipe-2-disciplinaprofessor instance=codespaces-74daef scope=dapr.runtime.grpc.api type=log ver=1.12.2
time="2023-11-28T18:31:48.190689064Z" level=info msg="API gRPC server is running on port 43585" app_id=topico-equipe-2-disciplinaprofessor instance=codespaces-74daef scope=dapr.runtime type=log ver=1.12.2
time="2023-11-28T18:31:48.190765336Z" level=info msg="Enabled max body size HTTP middleware with size 4 MB" app_id=topico-equipe-2-disciplinaprofessor instance=codespaces-74daef scope=dapr.runtime.http type=log ver=1.12.2
time="2023-11-28T18:31:48.190794961Z" level=info msg="Enabled tracing HTTP middleware" app_id=topico-equipe-2-disciplinaprofessor instance=codespaces-74daef scope=dapr.runtime.http type=log ver=1.12.2
time="2023-11-28T18:31:48.190819998Z" level=info msg="Enabled metrics HTTP middleware" app_id=topico-equipe-2-disciplinaprofessor instance=codespaces-74daef scope=dapr.runtime.http type=log ver=1.12.2
time="2023-11-28T18:31:48.191157157Z" level=info msg="HTTP server listening on TCP address: :43877" app_id=topico-equipe-2-disciplinaprofessor instance=codespaces-74daef scope=dapr.runtime.http type=log ver=1.12.2
time="2023-11-28T18:31:48.191216177Z" level=info msg="HTTP server is running on port 43877" app_id=topico-equipe-2-disciplinaprofessor instance=codespaces-74daef scope=dapr.runtime type=log ver=1.12.2
time="2023-11-28T18:31:48.191245642Z" level=info msg="The request body size parameter is: 4" app_id=topico-equipe-2-disciplinaprofessor instance=codespaces-74daef scope=dapr.runtime type=log ver=1.12.2
time="2023-11-28T18:31:48.191300334Z" level=info msg="gRPC server listening on TCP address: :45455" app_id=topico-equipe-2-disciplinaprofessor instance=codespaces-74daef scope=dapr.runtime.grpc.internal type=log ver=1.12.2
time="2023-11-28T18:31:48.191328416Z" level=info msg="Enabled gRPC tracing middleware" app_id=topico-equipe-2-disciplinaprofessor instance=codespaces-74daef scope=dapr.runtime.grpc.internal type=log ver=1.12.2
time="2023-11-28T18:31:48.191356068Z" level=info msg="Enabled gRPC metrics middleware" app_id=topico-equipe-2-disciplinaprofessor instance=codespaces-74daef scope=dapr.runtime.grpc.internal type=log ver=1.12.2
time="2023-11-28T18:31:48.19141114Z" level=info msg="Internal gRPC server is running on port 45455" app_id=topico-equipe-2-disciplinaprofessor instance=codespaces-74daef scope=dapr.runtime type=log ver=1.12.2
time="2023-11-28T18:31:48.192063968Z" level=info msg="application protocol: http. waiting on port 5202.  This will block until the app is listening on that port." app_id=topico-equipe-2-disciplinaprofessor instance=codespaces-74daef scope=dapr.runtime type=log ver=1.12.2
Updating metadata for app command: dotnet run --configuration Release
Updating metadata for appPID: 31466
You're up and running! Dapr logs will appear here.

